A51 MACRO ASSEMBLER  TECLADOYLCD                                                          02/18/2009 13:46:18 PAGE     1


MACRO ASSEMBLER A51 V8.01
OBJECT MODULE PLACED IN tecladoylcd.OBJ
ASSEMBLER INVOKED BY: C:\Keil\C51\BIN\A51.EXE tecladoylcd.a51 SET(SMALL) DEBUG EP

LOC  OBJ            LINE     SOURCE

                       1                                                                                             
                       2                             ;TRABAJO SIST. MICROPROGRAMABLES 2008     
                       3     
                       4                             ;FRECUENCIMETRO Y GENERADOR DE SEÑALES CUADRADAS
                       5     
                       6                             ;Santiago J. González Fabián
                       7     
                       8     ;CONSTANTES DECLARADAS DEL FRECUENCIMETRO
                       9     
                      10     
  0062                11     UNIDADES        EQU 62H           ;UNIDADES DE LA FRECUENCIA CONVERTIDA A BCD
  0061                12     DECENAS         EQU 61H           ;DECENAS DE LA FRECUENCIA CONVERTIDA A BCD
  0060                13     CENTENAS        EQU 60H           ;CENTENAS DE LA FRECUENCIA CONVERTIDA A BCD
  0063                14     MILLARES        EQU 63H           ;MILLARES DE LA FRECUENCIA CONVERTIDA A BCD 
                      15     
  0065                16     TEMP1           EQU 65H
  007A                17     TEMP2       EQU 7AH               
  007B                18     TEMP3       EQU 7BH       
                      19     
  0079                20     SUMAUNI         EQU 79H
  0078                21     SUMADEC         EQU 78H
  0077                22     SUMACEN         EQU 77H
  0076                23     SUMAMIL         EQU 76H
                      24     
  0075                25     CENHZH          EQU 75H            ;CENTENAS DE LA PARTE ALTA DEL FRECUENCIMETRO CONVERTIDO
                              A BCD
  0074                26     DECHZH          EQU 74H            ;DECENAS DE LA PARTE ALTA DEL FRECUENCIMETRO CONVERTIDO 
                             A BCD
  0073                27     UNIHZH          EQU 73H            ;UNIDADES DE LA PARTE ALTA DEL FRECUENCIMETRO CONVERTIDO
                              A BCD
                      28     
  0072                29     HZ_H            EQU 72H            ;PARTE ALTA DEL FRECUENCIMETRO EN BINARIO
  0071                30     HZ_L            EQU 71H            ;PARTE BAJA DEL FRECUENCIMETRO EN BINARIO
                      31     
  0070                32     SEGUR           EQU 70H         
  0069                33     SEGUR2          EQU 69H 
                      34     
  003E                35     TIMERALTO       EQU 3EH
  003F                36     TIMERBAJO       EQU 3FH                                            
  003C                37     MCENTON         EQU 3CH                                                 
  0030                38     CENTON          EQU 30H            ;COMPONENTES DEL TIEMPO EN ON GUARDADOS EN BCD          
                                                                          (LINEAS 530-550)
  0031                39     MILTON          EQU 31H
  0032                40     DMILTON         EQU 32H
  0033                41     CMILTON         EQU 33H
  0034                42     SEGTON          EQU 34H
  003D                43     MCENTONAUX      EQU 3DH
  0035                44     CENTONAUX       EQU 35H            ;COMPONENTES DEL TIEMPO EN ON AUXILIARES
  0036                45     MILTONAUX       EQU 36H
  0037                46     DMILTONAUX      EQU 37H
  0038                47     CMILTONAUX      EQU 38H
  0039                48     SEGTONAUX       EQU 39H
                      49     
  003A                50     TIEMPO1     EQU 3AH                ;EN ESTAS VARIABLES SE GUARDARA US,MS O SG DEPENDIENDO D
                             E LAS VARIABLES CENTON,MILTON...SEGTON
  003B                51     TIEMPO2         EQU 3BH            ;PARA MOSTRAR EL TIEMPO EN ON EN LAS UNIDADES ADECUADAS 
                                                                  ( LINEA Nº 471-507)
                      52                             
A51 MACRO ASSEMBLER  TECLADOYLCD                                                          02/18/2009 13:46:18 PAGE     2

  004C                53     SALTAAFRECM1    EQU 4CH                 
                      54                             
                      55                             
                      56     ;CONSTANTES DECLARADAS DEL GENERADOR DE SEÑALES CUADRADAS       
                      57     ;libres de la 40 a la 69 todavia   y 3c a 3f tambien
                      58     
  0040                59     DUTYPORCEN              EQU 40H
  0041                60     UNIGEN          EQU 41H
  0042                61     DECGEN          EQU 42H
  0043                62     CENGEN          EQU 43H
  0044                63     MILGEN          EQU 44H         
  0045                64     DUTY_ON         EQU 45H
  0046                65     DUTY_OFF        EQU 46H
  0047                66     COPIAR2         EQU 47H
  0048                67     COPIAR3         EQU 48H
  0049                68     COPIAR4         EQU 49H
  004A                69     COPIAR5         EQU 4AH
  004B                70     COPIAR6         EQU 4BH
                      71     
                      72     
                      73     
                      74     
                      75     ;INICIO DEL PROGRAMA PRINCIPAL
                      76                                     
0000                  77                             ORG 0000H
0000 2100             78                             JMP INICIO
                      79     ;____________________________________
0003                  80                             ORG 0003H                                                          
                                  ;INT0
                      81                             
                      82                             ;CALL INTER0
                      83                             
0003 32               84                             RETI
                      85     ;____________________________________
000B                  86                             ORG 000BH                                                          
                                  ;TIMER0                          
                      87                             
                      88                             ;CALL TIEMPOON                                                  ;CO
                             NFIGURARLO PARA QUE LO HAGA SOLO UNA VEZ CADA REFRESCO DE PANTALLA
                      89                                     
000B 32               90                             RETI
                      91     ;____________________________________
0013                  92                             ORG 0013H                                                          
                                  ;INT1
                      93                             
                      94                             ;CALL INTER1                                                       
                                                                  ;METER UN INVERSOR EN EL DISEÑO PARA QUE SE ACTIVE A FLANCO ASCENDENTE
                      95                             
0013 32               96                             RETI
                      97     ;____________________________________
001B                  98                             ORG 001BH                                                          
                                  ;TIMER1
                      99                             
                     100                             ;CALL REFRESCO
                     101     
001B 32              102                             RETI                    
                     103     ;____________________________________
0023                 104                             ORG 0023H
0023 32              105                             RETI                                                               
                                   ;SCON
                     106                             
                     107     ;____________________________________
                     108     
                     109     
                     110     
0100                 111                             ORG 0100H
A51 MACRO ASSEMBLER  TECLADOYLCD                                                          02/18/2009 13:46:18 PAGE     3

0100 7426            112     INICIO:         MOV A,#38                                                                ;C
                             OMIENZO DE LA INICIALIZACIÓN DE LA LCD
0102 3126            113                             CALL ESCINST1                                           
0104 3149            114                             CALL TIEMPO
0106 7438            115                             MOV A,#38H
0108 3126            116                             CALL ESCINST1
010A 3149            117                             CALL TIEMPO
010C 7438            118                             MOV A,#38H
010E 312B            119                             CALL ESC_INST
0110 7438            120                             MOV A,#38H
0112 312B            121                             CALL ESC_INST
0114 7404            122                             MOV A,#04H
0116 312B            123                             CALL ESC_INST
0118 7401            124                             MOV A,#01H
011A 312B            125                             CALL ESC_INST
011C 7408            126                             MOV A,#08H
011E 312B            127                             CALL ESC_INST
0120 740F            128                             MOV A,#0FH
0122 312B            129                             CALL ESC_INST
0124 8035            130                             JMP CONT
0126                 131     ESCINST1:       
0126 904000          132                             MOV DPTR,#4000H
0129 F0              133                             MOVX @DPTR,A
012A 22              134                             RET
012B                 135     ESC_INST:
012B 904000          136                             MOV DPTR,#4000H
012E F0              137                             MOVX @DPTR,A
012F 3132            138                             CALL CHECK_BF
0131 22              139                             RET
0132                 140     CHECK_BF:
0132 904002          141                             MOV DPTR,#4002H
0135 E0              142     S1:                     MOVX A,@DPTR
0136 20E7FC          143                             JB ACC.7,S1
0139 22              144                             RET
013A                 145     ESC_DATO:
013A A882            146                             MOV R0,DPL
013C A983            147                             MOV R1,DPH
013E 904001          148                             MOV DPTR,#4001H
0141 F0              149                             MOVX @DPTR,A
0142 3132            150                             CALL CHECK_BF
0144 8882            151                             MOV DPL,R0
0146 8983            152                             MOV DPH,R1
0148 22              153                             RET
                     154     
0149 7F02            155     TIEMPO:         MOV R7,#2                                               
014B 7EFA            156     S2:                     MOV R6,#250
014D DEFE            157     S3:                     DJNZ R6,S3
014F DFFA            158                             DJNZ R7,S2
0151 22              159                             RET             
0152 7FFA            160     TIEMPOPRES:     MOV R7,#250D                                            
0154 7EFA            161     S25:            MOV R6,#250D
0156 DEFE            162     S35:            DJNZ R6,S35
0158 DFFA            163                             DJNZ R7,S25
015A 22              164                             RET                                                                
                                  ;FIN DE LA INICIALIZACIÓN DE PANTALLA LCD
                     165     
                     166     
                     167     
                     168     
                     169     
015B 7480            170     CONT:           MOV A,#80H                                                      ;MUESTRA PO
                             R PANTALLA 
015D 312B            171                             CALL ESC_INST                                           ;'Presiona 
                             una tecla para continuar'
015F 900F81          172                             MOV DPTR,#0F81H
0162 7BF2            173                             MOV R3,#242D
A51 MACRO ASSEMBLER  TECLADOYLCD                                                          02/18/2009 13:46:18 PAGE     4

0164 71DE            174                             CALL TEXTO3
0166 74C0            175                             MOV A,#0C0H
0168 312B            176                             CALL ESC_INST
016A 9010F0          177                             MOV DPTR,#10F0H
016D 7BF2            178                             MOV R3,#242D
016F 71DE            179                             CALL TEXTO3     
                     180                                             
0171 7590F0          181                             MOV P1,#0F0H
0174 3152            182     NO_TECLA:       CALL TIEMPOPRES
0176 741C            183                             MOV A,#1CH
0178 312B            184                             CALL ESC_INST
                     185     
017A E590            186                             MOV A,P1                                                        ;CO
                             MPRUEBA QUE NO 
017C B4F002          187                             CJNE A,#0F0H,S4                                         ;HAYA TECLA
                             S PULSADAS
017F 80F3            188                             JMP NO_TECLA                                             
0181 7401            189     S4:                     MOV A,#01H
0183 312B            190                             CALL ESC_INST
                     191     
0185 7480            192                             MOV A,#80H
0187 312B            193                             CALL ESC_INST
0189 900050          194                             MOV DPTR,#50H
018C 71BE            195                             CALL TEXTO                                                      ;MU
                             ESTRA POR PANTALLA 
018E 74C0            196                             MOV A,#0C0H                                                     ;'1
                             :Frecuencimetro 2:Generador SC'
0190 312B            197                             CALL ESC_INST
0192 900066          198                             MOV DPTR,#66H
0195 71BE            199                             CALL TEXTO
                     200                             
0197 75900F          201                             MOV P1,#0FH
019A E590            202     S6:                     MOV A,P1                                                        ;CO
                             MPRUEBA QUE NO
019C B40FFB          203                             CJNE A,#0FH,S6                                          ;HAYA TECLA
                             S PULSADAS
                     204     
019F 7590F0          205     TECLANUEVA:     MOV P1,#0F0H                            
01A2                 206     NOTECLA1:       
                     207                             
01A2 E590            208                             MOV A,P1
01A4 B4F002          209                             CJNE A,#0F0H,S5
01A7 80F9            210                             JMP NOTECLA1                                            
01A9 FF              211     S5:                     MOV R7,A
01AA 75900F          212                             MOV P1,#0FH
01AD E590            213                             MOV A,P1                                                        ;GU
                             ARDA EL VALOR DE LA 
01AF 4F              214                             ORL A,R7                                                ;TECLA PULS
                             ADA EN EL ACUMULADOR
                     215                                                                                             
01B0 B4E706          216                             CJNE A,#0E7H,T2
01B3 7431            217                             MOV A,#"1"
01B5 7B01            218                             MOV R3,#1
01B7 8009            219                             JMP FRECU                                                       ;SA
                             LTA AL FRECUENCIMETRO
01B9 B4EBE3          220     T2:                     CJNE A,#0EBH,TECLANUEVA                         ;SI LA TECLA PULSAD
                             A NO ES NI 1 NI 2, VUELVE A COMPROBAR OTRA TECLA
01BC 7432            221                             MOV A,#"2"
01BE 7B02            222                             MOV R3,#2
01C0 417E            223                             JMP GEN                                                         ;SA
                             LTA AL GENERADOR DE SEÑAL CUADRADA
                     224     
                     225     
                     226     
                     227     
                     228     
A51 MACRO ASSEMBLER  TECLADOYLCD                                                          02/18/2009 13:46:18 PAGE     5

                     229     
                     230     
                     231     
                     232     
                     233     
                     234     
                     235     
                     236     
                     237     
                     238     
                     239     
                     240     
                     241     
                     242     
                     243     
01C2                 244     FRECU:          
01C2 75A880          245                             MOV IE,#80H
01C5 759890          246                             MOV SCON,#90H
01C8 758700          247                             MOV PCON,#00H
01CB D29C            248                             SETB REN
01CD 74E7            249                             MOV A,#0E7H
01CF 516A            250                             CALL ESC_TRANS
01D1 5172            251                             CALL RECIBE_DATO
                     252                             
01D3                 253     ESCRIBEFR:      
01D3 7401            254                             MOV A,#01H                                               ;MUESTRA P
                             OR PANTALLA FRECUENCIA Y TIEMPO EN ON
01D5 312B            255                             CALL ESC_INST
01D7 7480            256                             MOV A,#80H
01D9 312B            257                             CALL ESC_INST
01DB 900F00          258                             MOV DPTR,#0F00H
01DE 7B02            259                             MOV R3,#02H
01E0 71CE            260                             CALL TEXTO2
01E2 74C0            261                             MOV A,#0C0H
01E4 312B            262                             CALL ESC_INST
01E6 900F10          263                             MOV DPTR,#0F10H
01E9 7B00            264                             MOV R3,#00H
01EB 71CE            265                             CALL TEXTO2
                     266                             
01ED 75891A          267                             MOV TMOD,#1AH                                   ;CONFIGURACION DE T
                             EMPORIZADORES Y INTERRUPCIONES
01F0 758CCE          268                             MOV TH0,#206D                                   ;TIMER 0 CONFIGURAD
                             O PARA QUE CADA 50 uS SALTE A LA
01F3 758ACE          269                             MOV TL0,#206D                                   ;INTERRUPCIÓN
01F6 758D3C          270                             MOV TH1,#3CH
01F9 758BAF          271                             MOV TL1,#0AFH
01FC 75B804          272                             MOV IP,#04H                                             
01FF 75A880          273                             MOV IE,#80H
0202 758805          274                             MOV TCON,#05H
0205 7D14            275                             MOV R5,#20D                                              ;SE CARGA 
                             ESTE VALOR QUE LUEGO SERA DECREMENTADO EN LA SUBRUTINA DE REFRESCO DE PANTALLA
0207 D28E            276                             SETB TR1                                                 ;PARA QUE 
                             CUENTE 250 mS ( 5 * 50 mS )                                           
0209 D28C            277                             SETB TR0                                                 ;LOS TIMER
                             S COMIENZAN A CONTAR
                     278     
020B                 279     RECIBE_DATOS:
020B 748C            280                             MOV A,#8CH                                                ;MUESTRA 
                             POR PANTALLA LA FRECUENCIA
020D 312B            281                             CALL ESC_INST
                     282                             
020F                 283     SIGUERECIBIENDO:                
                     284                     
020F 5172            285                             CALL RECIBE_DATO
0211 516A            286                             CALL ESC_TRANS          
                     287     
A51 MACRO ASSEMBLER  TECLADOYLCD                                                          02/18/2009 13:46:18 PAGE     6

0213 5172            288                             CALL RECIBE_DATO
0215 516A            289                             CALL ESC_TRANS
0217 313A            290                             CALL ESC_DATO
                     291                             
0219 5172            292                             CALL RECIBE_DATO
021B 516A            293                             CALL ESC_TRANS
021D 313A            294                             CALL ESC_DATO             
                     295                             
021F 5172            296                             CALL RECIBE_DATO
0221 516A            297                             CALL ESC_TRANS
0223 313A            298                             CALL ESC_DATO
                     299     
0225 5172            300                             CALL RECIBE_DATO
0227 516A            301                             CALL ESC_TRANS
0229 313A            302                             CALL ESC_DATO
                     303     
022B 5172            304                             CALL RECIBE_DATO
022D 516A            305                             CALL ESC_TRANS
022F 313A            306                             CALL ESC_DATO
                     307                             
                     308                             
0231 5172            309                             CALL RECIBE_DATO
0233 B4FF02          310                             CJNE A,#0FFH,DATOVALIDO
0236 801A            311                             JMP SIGUE_MOSTRANDO
0238 516A            312     DATOVALIDO:     CALL ESC_TRANS
023A 313A            313                             CALL ESC_DATO
                     314     
023C 5172            315                             CALL RECIBE_DATO
023E B4FF02          316                             CJNE A,#0FFH,DATOVALIDO2
0241 800F            317                             JMP SIGUE_MOSTRANDO
0243 516A            318     DATOVALIDO2:CALL ESC_TRANS
0245 313A            319                             CALL ESC_DATO
                     320     
0247 5172            321                             CALL RECIBE_DATO
0249 B4FF02          322                             CJNE A,#0FFH,DATOVALIDO3
024C 8004            323                             JMP SIGUE_MOSTRANDO
024E 516A            324     DATOVALIDO3:    CALL ESC_TRANS
0250 313A            325                             CALL ESC_DATO
                     326                       
0252                 327     SIGUE_MOSTRANDO:
                     328                                     
0252 74CD            329                             MOV A,#0CDH                                               ;MUESTRA 
                             POR PANTALLA LA FRECUENCIA
0254 312B            330                             CALL ESC_INST
                     331                             
                     332                             
0256 75A00F          333                             MOV P2,#0FH
0259 5172            334                             CALL RECIBE_DATO
025B 516A            335                             CALL ESC_TRANS
025D 75A0F0          336                             MOV P2,#0f0H
                     337                             
0260 313A            338                             CALL ESC_DATO
                     339                             
0262 5172            340                             CALL RECIBE_DATO
0264 516A            341                             CALL ESC_TRANS
0266 313A            342                             CALL ESC_DATO
                     343                     
                     344     
                     345     
                     346     
                     347     
                     348     
                     349     
                     350     
                     351     
                     352                     
A51 MACRO ASSEMBLER  TECLADOYLCD                                                          02/18/2009 13:46:18 PAGE     7

                     353     
                     354     
                     355     
                     356     
                     357     
                     358     
                     359     
                     360     
                     361     
                     362     
                     363     
                     364     
                     365     
                     366     
                     367     
                     368     
                     369     
                     370                                                       
0268                 371     SIGUE_MOSTRANDO2:  
                     372                             ;JMP RECIBE_DATOS
                     373     
                     374     
0268 80FE            375     FIN:                    JMP FIN                           ;ESTA MIERDA CAMBIARLA POR UN RES
                             ET
                     376                             
                     377     ;RUTINAS DE RECEPCIÓN Y TRANSMISIÓN.
                     378     
026A                 379     ESC_TRANS:                      
026A F599            380                             MOV SBUF,A
026C 3099FD          381     BT1:            JNB TI,BT1                              
026F C299            382                             CLR TI
0271 22              383                             RET
                     384     
0272 3098FD          385     RECIBE_DATO:JNB RI,RECIBE_DATO
0275 C298            386                             CLR RI
0277 E599            387                             MOV A,SBUF
                     388                             
0279 22              389                             RET
                     390     
                     391     
                     392                             
                     393     ;**********MODIFICA -->R5, Acc      
                     394     
027A                 395     REFRESCO: 
                     396     
                     397     
                     398     
                     399     
                     400     
                     401     
                     402     
                     403     
                     404     
                     405     
                     406     
                     407     
                     408     
                     409     
                     410     
                     411     
                     412     
                     413     
                     414     
                     415     
                     416     
                     417     
A51 MACRO ASSEMBLER  TECLADOYLCD                                                          02/18/2009 13:46:18 PAGE     8

                     418     
                     419     
                     420     
                     421     
                     422     
                     423     
                     424     
                     425     
                     426     
                     427     
                     428     
                     429     
                     430     
                     431     
                     432     
                     433     
                     434     
                     435     
                     436     
                     437     
                     438     
                     439     
                     440     
                     441     
                     442     
                     443     
                     444     
                     445     
                     446     
                     447     
                     448     
                     449     
                     450     
                     451     
                     452     
                     453     
                     454     
                     455     
                     456     
                     457     
                     458     
                     459     
                     460     
                     461     
                     462     
                     463     
                     464     
                     465     
                     466     
                     467     
                     468     
                     469     
                     470     
                     471     
                     472     
                     473     
                     474     
                     475     
                     476     
                     477     
                     478     
                     479     
                     480     
                     481     
                     482     
                     483     
A51 MACRO ASSEMBLER  TECLADOYLCD                                                          02/18/2009 13:46:18 PAGE     9

                     484     
                     485     
                     486     
                     487     
                     488     
                     489     
                     490     
                     491     
                     492     
                     493     
                     494     
                     495      
                     496     
                     497     
                     498     
                     499     
                     500     
                     501     
                     502     
                     503     
                     504     
                     505     
                     506     
                     507     
                     508     
                     509     
                     510     
                     511     
                     512     
                     513     
                     514     
                     515     
                     516     
                     517     
                     518     
                     519     
                     520     
                     521     
                     522     
                     523     
                     524     
                     525     
                     526     
                     527     
                     528     
                     529     
                     530     
                     531     
                     532     
                     533     
                     534     
                     535     
                     536     
                     537     
                     538     
                     539     
                     540     
                     541     
                     542     
                     543     
                     544     
                     545     
                     546     
                     547     
                     548     
                     549     
A51 MACRO ASSEMBLER  TECLADOYLCD                                                          02/18/2009 13:46:18 PAGE    10

                     550     
                     551     
                     552     
                     553     
                     554     
                     555     
                     556     
                     557     
                     558     
                     559     
                     560     
                     561     
                     562     
                     563     
                     564     
                     565     
                     566     
                     567     
                     568     
                     569     
                     570     
                     571     
                     572     
                     573     
                     574     
                     575     
                     576     
                     577     
                     578                                                                       ;Y LUEGO LIMPIA TODAS LAS
                              POSICIONES DE MEMORIA
                     579                     
                     580                     
                     581                     
                     582                     
                     583                     
                     584     
                     585     
                     586     
                     587     
                     588     
                     589     
                     590     
                     591     
                     592     
                     593     
                     594     
                     595     
                     596     
                     597     
                     598     
                     599     
                     600     
                     601     
                     602     
                     603     
                     604     
                     605     
                     606     
                     607     
                     608     
                     609     
                     610     
                     611     
                     612     
                     613     
                     614     
A51 MACRO ASSEMBLER  TECLADOYLCD                                                          02/18/2009 13:46:18 PAGE    11

                     615     
                     616     
                     617     
                     618     
                     619     
                     620     
                     621     
                     622     
                     623     
                     624     
                     625     
                     626     
                     627     
                     628     
                     629     
                     630     
                     631     
                     632     
                     633     
                     634     
                     635     
                     636     
                     637     
                     638     
                     639     
                     640     
                     641     
                     642     
                     643     
                     644     
                     645     
                     646     
                     647     
                     648     
                     649     
                     650     
                     651     
                     652     
                     653     
                     654     
                     655     
                     656     
                     657     
                     658     
                     659     
                     660     
                     661     
                     662     
                     663     
                     664     
                     665     
                     666     
                     667     
                     668     
                     669     
                     670     
                     671     
                     672     
                     673     
                     674     
027A 74CD            675     MUESTRATON:     MOV A,#0CDH                                             ;RUTINA DE ESCRITUR
                             A DEL TIEMPO EN ON EN PANTALLA
027C 312B            676                             CALL ESC_INST
                     677                             
                     678                     
                     679     
A51 MACRO ASSEMBLER  TECLADOYLCD                                                          02/18/2009 13:46:18 PAGE    12

                     680     
                     681     
                     682     
                     683     
                     684     
                     685     
                     686     
                     687     
                     688     
                     689     
                     690     
                     691     
                     692     
                     693     
                     694     
                     695     
                     696     
                     697     
                     698     
                     699     
                     700     
                     701     
                     702     
                     703     
                     704     
                     705     
                     706     
                     707     
                     708     
                     709     
                     710     
                     711     
                     712     
                     713     
                     714     
                     715     
                     716     
                     717     
                     718     
                     719     
                     720     
                     721     
                     722     
                     723     
                     724     
                     725     
                     726     
                     727     
                     728     
                     729     
                     730     
                     731     
                     732     
                     733     
                     734     
                     735     
                     736     
                     737     
                     738     
                     739     
                     740     
                     741     
                     742     
                     743     
                     744     
                     745     
A51 MACRO ASSEMBLER  TECLADOYLCD                                                          02/18/2009 13:46:18 PAGE    13

                     746     
                     747     
                     748     
                     749     
                     750     
                     751     
                     752     
                     753     
                     754     
                     755     
                     756     
                     757     
                     758     
                     759     
                     760     
                     761     
                     762     
                     763     
                     764     
                     765     
                     766     
                     767     
                     768     
                     769     
                     770     
                     771     
                     772     
                     773                     
                     774     
                     775     
                     776     
                     777     
                     778     
                     779     
                     780     
                     781     
                     782     
                     783                                                                
                     784     
                     785     
                     786     
                     787     
                     788     
                     789     
                     790     
                     791     
                     792     
                     793     
                     794     
                     795     
                     796     
                     797     
                     798     
                     799     
                     800     
                     801     
                     802     
027E 7400            803     GEN:            MOV A,#0H
0280 516A            804                             CALL ESC_TRANS
                     805                             
0282 75A880          806                             MOV IE,#80H
0285 759890          807                             MOV SCON,#90H
0288 758700          808                             MOV PCON,#00H
028B D29C            809                             SETB REN
                     810                             
                     811     
A51 MACRO ASSEMBLER  TECLADOYLCD                                                          02/18/2009 13:46:18 PAGE    14

028D 7401            812                             MOV A,#01H                                               ;MUESTRA P
                             OR PANTALLA selecciona un duty cycle
028F 312B            813                             CALL ESC_INST
0291 7480            814                             MOV A,#80H
0293 312B            815                             CALL ESC_INST
0295 900F20          816                             MOV DPTR,#0F20H
0298 7B04            817                             MOV R3,#04H
029A 71DE            818                             CALL TEXTO3
029C 74C0            819                             MOV A,#0C0H
029E 312B            820                             CALL ESC_INST
02A0 900F30          821                             MOV DPTR,#0F30H
02A3 7B00            822                             MOV R3,#00H
02A5 71DE            823                             CALL TEXTO3
                     824     
02A7 75900F          825                             MOV P1,#0FH
02AA E590            826     GS1:            MOV A,P1                                                        ;COMPRUEBA 
                             QUE NO
02AC B40FFB          827                             CJNE A,#0FH,GS1                                         ;HAYA TECLA
                             S PULSADAS
                     828     
02AF 7590F0          829     GTECLANUEVA:MOV P1,#0F0H                                
02B2 E590            830     GNOTECLA1:      MOV A,P1
02B4 B4F002          831                             CJNE A,#0F0H,GS2
02B7 80F9            832                             JMP GNOTECLA1                                           
02B9 FF              833     GS2:            MOV R7,A
02BA 75900F          834                             MOV P1,#0FH
02BD E590            835                             MOV A,P1                                                        ;GU
                             ARDA EL VALOR DE LA 
02BF 4F              836                             ORL A,R7                                                ;TECLA PULS
                             ADA EN EL ACUMULADOR
                     837                                                                                             
02C0 B4E705          838                             CJNE A,#0E7H,GTE2
02C3 754001          839                             MOV DUTYPORCEN,#1D
02C6 800E            840                             JMP GSIGUE                                                      ;SA
                             LTA AL FRECUENCIMETRO
02C8 B4EB05          841     GTE2:           CJNE A,#0EBH,GTE3                                       ;SI LA TECLA PULSAD
                             A NO ES NI 1 NI 2, VUELVE A COMPROBAR OTRA TECLA
02CB 754002          842                             MOV DUTYPORCEN,#2D
02CE 8006            843                             JMP GSIGUE                                                         
                                                                                                    
02D0 B4EDD7          844     GTE3:           CJNE A,#0EDH,GS1
02D3 754003          845                             MOV DUTYPORCEN,#3D
                     846                                                                                               ;
                             COMPRUEBA QUE TECLA HA SIDO PULSADA
02D6                 847     GSIGUE:         
                     848     
02D6 E540            849                             MOV A,DUTYPORCEN
02D8 516A            850                             CALL ESC_TRANS                                                     
                                                  
02DA 5172            851                             CALL RECIBE_DATO
                     852     
02DC 7401            853                             MOV A,#1H
02DE 312B            854                             CALL ESC_INST
02E0 7480            855                             MOV A,#80H
02E2 312B            856                             CALL ESC_INST
02E4 900F44          857                             MOV DPTR,#0F44H
02E7 7B02            858                             MOV R3,#02H
02E9 71DE            859                             CALL TEXTO3
02EB 74C0            860                             MOV A,#0C0H
02ED 312B            861                             CALL ESC_INST
02EF 900F57          862                             MOV DPTR,#0F57H
02F2 7B08            863                             MOV R3,#08H
02F4 71DE            864                             CALL TEXTO3
                     865                             
02F6 75900F          866     GOTRA_VEZ:      MOV P1,#0FH
02F9 E590            867     GS3:            MOV A,P1                                                        ;COMPRUEBA 
A51 MACRO ASSEMBLER  TECLADOYLCD                                                          02/18/2009 13:46:18 PAGE    15

                             QUE NO
02FB B40FFB          868                             CJNE A,#0FH,GS3                                         ;HAYA TECLA
                             S PULSADAS
                     869     
02FE 7590F0          870     GTECLANUEVA2:MOV P1,#0F0H                               
0301 E590            871     GNOTECLA2:      MOV A,P1
0303 B4F002          872                             CJNE A,#0F0H,GS4
0306 80F9            873                             JMP GNOTECLA2                                           
0308 FF              874     GS4:            MOV R7,A
0309 75900F          875                             MOV P1,#0FH
030C E590            876                             MOV A,P1                                                        ;GU
                             ARDA EL VALOR DE LA 
030E 4F              877                             ORL A,R7        
                     878                     
                     879                       ;rutina de deteccion de tecla pulsada
030F B4E706          880                             CJNE A,#0E7H,GT2
0312 7431            881                             MOV A,#"1"
0314 7B01            882                             MOV R3,#1
0316 804F            883                             JMP ESC_NUMERO
0318 B4EB06          884     GT2:            CJNE A,#0EBH,GT3
031B 7432            885                             MOV A,#"2"
031D 7B02            886                             MOV R3,#2
031F 8046            887                             JMP ESC_NUMERO
0321 B4ED06          888     GT3:            CJNE A,#0EDH,GT4
0324 7433            889                             MOV A,#"3"
0326 7B03            890                             MOV R3,#3
0328 803D            891                             JMP ESC_NUMERO
032A B4D706          892     GT4:            CJNE A,#0D7H,GT5
032D 7434            893                             MOV A,#"4"
032F 7B04            894                             MOV R3,#4
0331 8034            895                             JMP ESC_NUMERO
0333 B4DB06          896     GT5:            CJNE A,#0DBH,GT6
0336 7435            897                             MOV A,#"5"
0338 7B05            898                             MOV R3,#5
033A 802B            899                             JMP ESC_NUMERO
033C B4DD06          900     GT6:            CJNE A,#0DDH,GT7
033F 7436            901                             MOV A,#"6"
0341 7B06            902                             MOV R3,#6
0343 8022            903                             JMP ESC_NUMERO
0345 B4B706          904     GT7:            CJNE A,#0B7H,GT8
0348 7437            905                             MOV A,#"7"
034A 7B07            906                             MOV R3,#7
034C 8019            907                             JMP ESC_NUMERO
034E B4BB06          908     GT8:            CJNE A,#0BBH,GT9
0351 7438            909                             MOV A,#"8"
0353 7B08            910                             MOV R3,#8
0355 8010            911                         JMP ESC_NUMERO
0357 B4BD06          912     GT9:            CJNE A,#0BDH,GT0
035A 7439            913                             MOV A,#"9"
035C 7B09            914                             MOV R3,#9
035E 8007            915                             JMP ESC_NUMERO
0360 B47B9B          916     GT0:            CJNE A,#07BH,GTECLANUEVA2
0363 7430            917                             MOV A,#"0"
0365 7B00            918                             MOV R3,#0
                     919     
0367 313A            920     ESC_NUMERO: CALL ESC_DATO
0369 854344          921                             MOV MILGEN,CENGEN
036C 854243          922                             MOV CENGEN,DECGEN                                               ;CO
                             NSEGUIR QUE SE PUEDA PULSAR INTRO EN CUALQUIER MOMENTO(Y QUE OMITA LOS CEROS A LA IZQUIERDA)
036F 854142          923                             MOV DECGEN,UNIGEN
0372 8B41            924                             MOV UNIGEN,R3
0374 0C              925                             INC R4
                     926                             
                     927                             
                     928     
                     929     
A51 MACRO ASSEMBLER  TECLADOYLCD                                                          02/18/2009 13:46:18 PAGE    16

0375 75900F          930                             MOV P1,#0FH
0378 E590            931     GS6:            MOV A,P1                                                        ;COMPRUEBA 
                             QUE NO
037A B40FFB          932                             CJNE A,#0FH,GS6 
                     933     
037D 7590F0          934     TECLANUEVA3:MOV P1,#0F0H                                
0380 E590            935     GNOTECLA3:      MOV A,P1
0382 B4F002          936                             CJNE A,#0F0H,GS5
0385 80F9            937                             JMP GNOTECLA3                                           
0387 FF              938     GS5:            MOV R7,A
0388 75900F          939                             MOV P1,#0FH
038B E590            940                             MOV A,P1                                                        ;GU
                             ARDA EL VALOR DE LA 
038D 4F              941                             ORL A,R7        
                     942                             
038E B47702          943                             CJNE A,#077H,GOTRA_VEZ2
                     944     
0391 8002            945                             JMP MUESTRA_FRECG
0393 41F6            946     GOTRA_VEZ2:     JMP GOTRA_VEZ           
                     947                             
                     948     
                     949                             
                     950     
0395                 951     MUESTRA_FRECG:
                     952                             
0395 E544            953                             MOV A,MILGEN
0397 516A            954                             CALL ESC_TRANS
0399 5172            955                             CALL RECIBE_DATO
039B E543            956                             MOV A,CENGEN
039D 516A            957                             CALL ESC_TRANS
039F 5172            958                             CALL RECIBE_DATO
03A1 E542            959                             MOV A,DECGEN
03A3 516A            960                             CALL ESC_TRANS
03A5 5172            961                             CALL RECIBE_DATO
03A7 E541            962                             MOV A,UNIGEN
03A9 516A            963                             CALL ESC_TRANS
                     964                             
03AB 5172            965                             CALL RECIBE_DATO
                     966                             
                     967                             
                     968                             
03AD 7401            969                             MOV A,#01H
03AF 312B            970                             CALL ESC_INST
03B1 7480            971                             MOV A,#80H
03B3 312B            972                             CALL ESC_INST
03B5 900F70          973                             MOV DPTR,#0F70H
03B8 7B02            974                             MOV R3,#02H
03BA 71DE            975                             CALL TEXTO3
                     976                             
                     977                             
                     978                             ;ESCRIBIR POR PANTALLA GENERANDO FRECUENCIA DESEADA POR EL PIN 2.0
03BC 80FE            979     FIN3:           JMP FIN3
                     980     
                     981     
                     982     ;___________________________________________________________________
                     983     
                     984     
                     985      
03BE E4              986     TEXTO:          CLR A                                           ;ESTA ZONA DE CODIGO ESCRIB
                             E POR PANTALLA "Introduce un numero"
03BF 93              987                             MOVC A,@A+DPTR  
03C0 313A            988                             CALL ESC_DATO
03C2 A3              989                             INC DPTR
03C3 0B              990                             INC R3
03C4 BB10F7          991                             CJNE R3,#16D,TEXTO
03C7 7B00            992                             MOV R3,#00
A51 MACRO ASSEMBLER  TECLADOYLCD                                                          02/18/2009 13:46:18 PAGE    17

03C9 8882            993                             MOV DPL,R0
03CB 8983            994                             MOV DPH,R1
03CD 22              995                             RET
                     996     
03CE E4              997     TEXTO2:         CLR A                                           ;ESTA ZONA DE CODIGO ESCRIB
                             E POR PANTALLA "Introduce un numero"
03CF 93              998                             MOVC A,@A+DPTR  
03D0 313A            999                             CALL ESC_DATO
03D2 A3             1000                             INC DPTR
03D3 0B             1001                             INC R3
03D4 BB0DF7         1002                             CJNE R3,#13D,TEXTO2
03D7 7B00           1003                             MOV R3,#00
03D9 8882           1004                             MOV DPL,R0
03DB 8983           1005                             MOV DPH,R1
03DD 22             1006                             RET
                    1007     
03DE E4             1008     TEXTO3:         CLR A                                           ;ESTA ZONA DE CODIGO ESCRIB
                             E POR PANTALLA "Introduce un numero"
03DF 93             1009                             MOVC A,@A+DPTR  
03E0 313A           1010                             CALL ESC_DATO
03E2 A3             1011                             INC DPTR
03E3 0B             1012                             INC R3
03E4 BB14F7         1013                             CJNE R3,#20D,TEXTO3
03E7 7B00           1014                             MOV R3,#00
03E9 8882           1015                             MOV DPL,R0
03EB 8983           1016                             MOV DPH,R1
03ED 22             1017                             RET
                    1018     ;ZONA DE TEXTOS MOSTRADOS POR PANTALLA 
                    1019     
0030                1020                             ORG 0030H
0030 50756C73       1021                             DB 'Pulse una tecla'
0034 6520756E                
0038 61207465                
003C 636C61                  
0040                1022                             ORG 0040H
0040 70617261       1023                             DB 'para continuar.'
0044 20636F6E                
0048 74696E75                
004C 61722E                  
0050                1024                             ORG 0050H
0050 313A4672       1025                             DB '1:Frecuencimetro'
0054 65637565                
0058 6E63696D                
005C 6574726F                
0066                1026                             ORG 0066H
0066 323A4765       1027                             DB '2:Generador SC'
006A 6E657261                
006E 646F7220                
0072 5343                    
0F00                1028                             ORG 0F00H
0F00 46726563       1029                             DB 'Frecuencia:'   ;11
0F04 75656E63                
0F08 69613A                  
0F10                1030                             ORG 0F10H
0F10 5469656D       1031                             DB 'Tiempo en ON:' ;13
0F14 706F2065                
0F18 6E204F4E                
0F1C 3A                      
0F20                1032                             ORG 0F20H
0F20 456C6967       1033                             DB 'Elige Duty Cycle'
0F24 65204475                
0F28 74792043                
0F2C 79636C65                
0F30                1034                             ORG 0F30H
0F30 312D3235       1035                             DB '1-25%  2-50%  3-75%'
0F34 25202032                
A51 MACRO ASSEMBLER  TECLADOYLCD                                                          02/18/2009 13:46:18 PAGE    18

0F38 2D353025                
0F3C 2020332D                
0F40 373525                  
0F44                1036                             ORG 0F44H
0F44 46726563       1037                             DB 'Frecuencia deseada'
0F48 75656E63                
0F4C 69612064                
0F50 65736561                
0F54 6461                    
0F57                1038                             ORG 0F57H
0F57 5B312D32       1039                             DB '[1-2000 Hz]:'
0F5B 30303020                
0F5F 487A5D3A                
0F70                1040                             ORG 0F70H
0F70 47656E65       1041                             DB 'Generando onda...'
0F74 72616E64                
0F78 6F206F6E                
0F7C 64612E2E                
0F80 2E                      
0F81                1042                             ORG 0F81H
0F81 20467265       1043                             DB ' Frecuencimetro y Generador de S.C.'
0F85 6375656E                
0F89 63696D65                
0F8D 74726F20                
0F91 79204765                
0F95 6E657261                
0F99 646F7220                
0F9D 64652053                
0FA1 2E432E                  
10F0                1044                             ORG 10F0H
10F0 5265616C       1045                             DB 'Realizado por Santiago J. Gonzalez'
10F4 697A6164                
10F8 6F20706F                
10FC 72205361                
1100 6E746961                
1104 676F204A                
1108 2E20476F                
110C 6E7A616C                
1110 657A                    
                    1046                             END
A51 MACRO ASSEMBLER  TECLADOYLCD                                                          02/18/2009 13:46:18 PAGE    19

SYMBOL TABLE LISTING
------ ----- -------


N A M E             T Y P E  V A L U E   ATTRIBUTES

ACC. . . . . . . .  D ADDR   00E0H   A   
BT1. . . . . . . .  C ADDR   026CH   A   
CENGEN . . . . . .  N NUMB   0043H   A   
CENHZH . . . . . .  N NUMB   0075H   A   
CENTENAS . . . . .  N NUMB   0060H   A   
CENTON . . . . . .  N NUMB   0030H   A   
CENTONAUX. . . . .  N NUMB   0035H   A   
CHECK_BF . . . . .  C ADDR   0132H   A   
CMILTON. . . . . .  N NUMB   0033H   A   
CMILTONAUX . . . .  N NUMB   0038H   A   
CONT . . . . . . .  C ADDR   015BH   A   
COPIAR2. . . . . .  N NUMB   0047H   A   
COPIAR3. . . . . .  N NUMB   0048H   A   
COPIAR4. . . . . .  N NUMB   0049H   A   
COPIAR5. . . . . .  N NUMB   004AH   A   
COPIAR6. . . . . .  N NUMB   004BH   A   
DATOVALIDO . . . .  C ADDR   0238H   A   
DATOVALIDO2. . . .  C ADDR   0243H   A   
DATOVALIDO3. . . .  C ADDR   024EH   A   
DECENAS. . . . . .  N NUMB   0061H   A   
DECGEN . . . . . .  N NUMB   0042H   A   
DECHZH . . . . . .  N NUMB   0074H   A   
DMILTON. . . . . .  N NUMB   0032H   A   
DMILTONAUX . . . .  N NUMB   0037H   A   
DPH. . . . . . . .  D ADDR   0083H   A   
DPL. . . . . . . .  D ADDR   0082H   A   
DUTYPORCEN . . . .  N NUMB   0040H   A   
DUTY_OFF . . . . .  N NUMB   0046H   A   
DUTY_ON. . . . . .  N NUMB   0045H   A   
ESCINST1 . . . . .  C ADDR   0126H   A   
ESCRIBEFR. . . . .  C ADDR   01D3H   A   
ESC_DATO . . . . .  C ADDR   013AH   A   
ESC_INST . . . . .  C ADDR   012BH   A   
ESC_NUMERO . . . .  C ADDR   0367H   A   
ESC_TRANS. . . . .  C ADDR   026AH   A   
FIN. . . . . . . .  C ADDR   0268H   A   
FIN3 . . . . . . .  C ADDR   03BCH   A   
FRECU. . . . . . .  C ADDR   01C2H   A   
GEN. . . . . . . .  C ADDR   027EH   A   
GNOTECLA1. . . . .  C ADDR   02B2H   A   
GNOTECLA2. . . . .  C ADDR   0301H   A   
GNOTECLA3. . . . .  C ADDR   0380H   A   
GOTRA_VEZ. . . . .  C ADDR   02F6H   A   
GOTRA_VEZ2 . . . .  C ADDR   0393H   A   
GS1. . . . . . . .  C ADDR   02AAH   A   
GS2. . . . . . . .  C ADDR   02B9H   A   
GS3. . . . . . . .  C ADDR   02F9H   A   
GS4. . . . . . . .  C ADDR   0308H   A   
GS5. . . . . . . .  C ADDR   0387H   A   
GS6. . . . . . . .  C ADDR   0378H   A   
GSIGUE . . . . . .  C ADDR   02D6H   A   
GT0. . . . . . . .  C ADDR   0360H   A   
GT2. . . . . . . .  C ADDR   0318H   A   
GT3. . . . . . . .  C ADDR   0321H   A   
GT4. . . . . . . .  C ADDR   032AH   A   
GT5. . . . . . . .  C ADDR   0333H   A   
GT6. . . . . . . .  C ADDR   033CH   A   
GT7. . . . . . . .  C ADDR   0345H   A   
GT8. . . . . . . .  C ADDR   034EH   A   
GT9. . . . . . . .  C ADDR   0357H   A   
A51 MACRO ASSEMBLER  TECLADOYLCD                                                          02/18/2009 13:46:18 PAGE    20

GTE2 . . . . . . .  C ADDR   02C8H   A   
GTE3 . . . . . . .  C ADDR   02D0H   A   
GTECLANUEVA. . . .  C ADDR   02AFH   A   
GTECLANUEVA2 . . .  C ADDR   02FEH   A   
HZ_H . . . . . . .  N NUMB   0072H   A   
HZ_L . . . . . . .  N NUMB   0071H   A   
IE . . . . . . . .  D ADDR   00A8H   A   
INICIO . . . . . .  C ADDR   0100H   A   
IP . . . . . . . .  D ADDR   00B8H   A   
MCENTON. . . . . .  N NUMB   003CH   A   
MCENTONAUX . . . .  N NUMB   003DH   A   
MILGEN . . . . . .  N NUMB   0044H   A   
MILLARES . . . . .  N NUMB   0063H   A   
MILTON . . . . . .  N NUMB   0031H   A   
MILTONAUX. . . . .  N NUMB   0036H   A   
MUESTRATON . . . .  C ADDR   027AH   A   
MUESTRA_FRECG. . .  C ADDR   0395H   A   
NOTECLA1 . . . . .  C ADDR   01A2H   A   
NO_TECLA . . . . .  C ADDR   0174H   A   
P1 . . . . . . . .  D ADDR   0090H   A   
P2 . . . . . . . .  D ADDR   00A0H   A   
PCON . . . . . . .  D ADDR   0087H   A   
RECIBE_DATO. . . .  C ADDR   0272H   A   
RECIBE_DATOS . . .  C ADDR   020BH   A   
REFRESCO . . . . .  C ADDR   027AH   A   
REN. . . . . . . .  B ADDR   0098H.4 A   
RI . . . . . . . .  B ADDR   0098H.0 A   
S1 . . . . . . . .  C ADDR   0135H   A   
S2 . . . . . . . .  C ADDR   014BH   A   
S25. . . . . . . .  C ADDR   0154H   A   
S3 . . . . . . . .  C ADDR   014DH   A   
S35. . . . . . . .  C ADDR   0156H   A   
S4 . . . . . . . .  C ADDR   0181H   A   
S5 . . . . . . . .  C ADDR   01A9H   A   
S6 . . . . . . . .  C ADDR   019AH   A   
SALTAAFRECM1 . . .  N NUMB   004CH   A   
SBUF . . . . . . .  D ADDR   0099H   A   
SCON . . . . . . .  D ADDR   0098H   A   
SEGTON . . . . . .  N NUMB   0034H   A   
SEGTONAUX. . . . .  N NUMB   0039H   A   
SEGUR. . . . . . .  N NUMB   0070H   A   
SEGUR2 . . . . . .  N NUMB   0069H   A   
SIGUERECIBIENDO. .  C ADDR   020FH   A   
SIGUE_MOSTRANDO. .  C ADDR   0252H   A   
SIGUE_MOSTRANDO2 .  C ADDR   0268H   A   
SUMACEN. . . . . .  N NUMB   0077H   A   
SUMADEC. . . . . .  N NUMB   0078H   A   
SUMAMIL. . . . . .  N NUMB   0076H   A   
SUMAUNI. . . . . .  N NUMB   0079H   A   
T2 . . . . . . . .  C ADDR   01B9H   A   
TCON . . . . . . .  D ADDR   0088H   A   
TECLANUEVA . . . .  C ADDR   019FH   A   
TECLANUEVA3. . . .  C ADDR   037DH   A   
TEMP1. . . . . . .  N NUMB   0065H   A   
TEMP2. . . . . . .  N NUMB   007AH   A   
TEMP3. . . . . . .  N NUMB   007BH   A   
TEXTO. . . . . . .  C ADDR   03BEH   A   
TEXTO2 . . . . . .  C ADDR   03CEH   A   
TEXTO3 . . . . . .  C ADDR   03DEH   A   
TH0. . . . . . . .  D ADDR   008CH   A   
TH1. . . . . . . .  D ADDR   008DH   A   
TI . . . . . . . .  B ADDR   0098H.1 A   
TIEMPO . . . . . .  C ADDR   0149H   A   
TIEMPO1. . . . . .  N NUMB   003AH   A   
TIEMPO2. . . . . .  N NUMB   003BH   A   
TIEMPOPRES . . . .  C ADDR   0152H   A   
A51 MACRO ASSEMBLER  TECLADOYLCD                                                          02/18/2009 13:46:18 PAGE    21

TIMERALTO. . . . .  N NUMB   003EH   A   
TIMERBAJO. . . . .  N NUMB   003FH   A   
TL0. . . . . . . .  D ADDR   008AH   A   
TL1. . . . . . . .  D ADDR   008BH   A   
TMOD . . . . . . .  D ADDR   0089H   A   
TR0. . . . . . . .  B ADDR   0088H.4 A   
TR1. . . . . . . .  B ADDR   0088H.6 A   
UNIDADES . . . . .  N NUMB   0062H   A   
UNIGEN . . . . . .  N NUMB   0041H   A   
UNIHZH . . . . . .  N NUMB   0073H   A   


REGISTER BANK(S) USED: 0 


ASSEMBLY COMPLETE.  0 WARNING(S), 0 ERROR(S)
